Arguments: 
  C:\Program Files\nodejs\node.exe C:\Users\fatoumata sissoko\AppData\Roaming\npm\node_modules\yarn\bin\yarn.js add firebase

PATH: 
  C:\Program Files (x86)\Common Files\Oracle\Java\javapath;C:\Program Files (x86)\Intel\iCLS Client\;C:\Program Files\Intel\iCLS Client\;C:\WINDOWS\system32;C:\WINDOWS;C:\WINDOWS\System32\Wbem;C:\WINDOWS\System32\WindowsPowerShell\v1.0\;C:\Program Files\Intel\WiFi\bin\;C:\Program Files\Common Files\Intel\WirelessCommon\;C:\Program Files\Intel\TXE Components\DAL\;C:\Program Files (x86)\Intel\TXE Components\DAL\;C:\Program Files\Intel\TXE Components\IPT\;C:\Program Files (x86)\Intel\TXE Components\IPT\;C:\Program Files (x86)\Common Files\Intel Education\Application Support;C:\Program Files\Common Files\Intel Education\Application Support;C:\WINDOWS\System32\OpenSSH\;C:\Program Files\nodejs\;C:\Users\fatoumata sissoko\AppData\Local\Microsoft\WindowsApps;C:\Users\fatoumata sissoko\AppData\Local\Programs\MiKTeX\miktex\bin\x64\;C:\Users\fatoumata sissoko\AppData\Local\Programs\Microsoft VS Code\bin;C:\Users\fatoumata sissoko\AppData\Roaming\npm

Yarn version: 
  1.22.19

Node version: 
  19.2.0

Platform: 
  win32 x64

Trace: 
  Error: https://registry.yarnpkg.com/react-native/-/react-native-0.70.5.tgz: ESOCKETTIMEDOUT
      at ClientRequest.<anonymous> (C:\Users\fatoumata sissoko\AppData\Roaming\npm\node_modules\yarn\lib\cli.js:141517:19)
      at Object.onceWrapper (node:events:627:28)
      at ClientRequest.emit (node:events:513:28)
      at TLSSocket.emitRequestTimeout (node:_http_client:833:9)
      at Object.onceWrapper (node:events:627:28)
      at TLSSocket.emit (node:events:525:35)
      at Socket._onTimeout (node:net:546:8)
      at listOnTimeout (node:internal/timers:564:17)
      at process.processTimers (node:internal/timers:507:7)

npm manifest: 
  {
    "name": "myapp",
    "version": "1.0.0",
    "main": "node_modules/expo/AppEntry.js",
    "scripts": {
      "start": "expo start",
      "android": "expo start --android",
      "ios": "expo start --ios",
      "web": "expo start --web"
    },
    "dependencies": {
      "expo": "~47.0.8",
      "expo-status-bar": "~1.4.2",
      "react": "18.1.0",
      "react-native": "0.70.5"
    },
    "devDependencies": {
      "@babel/core": "^7.12.9"
    },
    "private": true
  }

yarn manifest: 
  No manifest

Lockfile: 
  No lockfile
